<?xml version="1.0" encoding="UTF-8"?>
<!-- Generated by org.testng.reporters.JUnitXMLReporter -->
<testsuite ignored="2" hostname="Webplat78" failures="0" tests="1" name="Default test" time="83.31" errors="0" timestamp="2024-09-30T20:13:20 IST">
  <testcase classname="testRun.SearchTransactionTEST" name="STR002_inProgress" time="61.896"/>
  <testcase classname="testRun.SearchTransactionTEST" name="ATR002_messageDisplayedIfTableHasNoData" time="0.0">
    <ignored/>
  </testcase> <!-- ATR002_messageDisplayedIfTableHasNoData -->
  <testcase classname="testRun.SearchTransactionTEST" name="STR001_navigateToSearchTransactionReportPage" time="0.0">
    <ignored/>
  </testcase> <!-- STR001_navigateToSearchTransactionReportPage -->
</testsuite> <!-- Default test -->
