<?xml version="1.0" encoding="UTF-8"?>
<!-- Generated by org.testng.reporters.JUnitXMLReporter -->
<testsuite ignored="11" hostname="Webplat78" failures="1" tests="3" name="Default test(failed)" time="183.951" errors="0" timestamp="2024-09-17T17:46:32 IST">
  <testcase classname="testRun.TransactionHistoryTEST" name="TC005_validatePageDataAccordingToPageSize" time="42.724"/>
  <testcase classname="testRun.TransactionHistoryTEST" name="TC009_operatorFilterWorking" time="42.83"/>
  <testcase classname="testRun.TransactionHistoryTEST" name="TC012_pagination_validatePageDataAndMessageCountAtPageBottom_changePageSizeALL" time="64.858">
    <failure type="java.lang.IndexOutOfBoundsException" message="Index 2 out of bounds for length 0">
      <![CDATA[java.lang.IndexOutOfBoundsException: Index 2 out of bounds for length 0
at java.base/jdk.internal.util.Preconditions.outOfBounds(Preconditions.java:64)
at java.base/jdk.internal.util.Preconditions.outOfBoundsCheckIndex(Preconditions.java:70)
at java.base/jdk.internal.util.Preconditions.checkIndex(Preconditions.java:266)
at java.base/java.util.Objects.checkIndex(Objects.java:361)
at java.base/java.util.ArrayList.get(ArrayList.java:427)
at org.openqa.selenium.support.pagefactory.internal.LocatingElementListHandler.invoke(LocatingElementListHandler.java:39)
at jdk.proxy2/jdk.proxy2.$Proxy18.get(Unknown Source)
at pageObjects.TransactionHistoryPOM.validate_dataPerPageWithAllPageSizes(TransactionHistoryPOM.java:1432)
at testRun.TransactionHistoryTEST.TC012_pagination_validatePageDataAndMessageCountAtPageBottom_changePageSizeALL(TransactionHistoryTEST.java:468)
at java.base/java.util.ArrayList.forEach(ArrayList.java:1511)
... Removed 30 stack frames]]>
    </failure>
  </testcase> <!-- TC012_pagination_validatePageDataAndMessageCountAtPageBottom_changePageSizeALL -->
  <testcase classname="testRun.TransactionHistoryTEST" name="TC007_categoryFilterWorking" time="0.0">
    <ignored/>
  </testcase> <!-- TC007_categoryFilterWorking -->
  <testcase classname="testRun.TransactionHistoryTEST" name="TC013_pagination_changePagesUsingPahinationButtons" time="0.0">
    <ignored/>
  </testcase> <!-- TC013_pagination_changePagesUsingPahinationButtons -->
  <testcase classname="testRun.TransactionHistoryTEST" name="TC006_openMoreDetailsUsingMeatballIcon" time="0.0">
    <ignored/>
  </testcase> <!-- TC006_openMoreDetailsUsingMeatballIcon -->
  <testcase classname="testRun.TransactionHistoryTEST" name="TC008_serviceFilterWorking" time="0.0">
    <ignored/>
  </testcase> <!-- TC008_serviceFilterWorking -->
  <testcase classname="testRun.TransactionHistoryTEST" name="TC004_validateTheDefaultPageSize" time="0.0">
    <ignored/>
  </testcase> <!-- TC004_validateTheDefaultPageSize -->
  <testcase classname="testRun.TransactionHistoryTEST" name="TC003_messageDisplayedIfTableHasNoData" time="0.0">
    <ignored/>
  </testcase> <!-- TC003_messageDisplayedIfTableHasNoData -->
  <testcase classname="testRun.TransactionHistoryTEST" name="TC010_telecomTabHasNoCatDropdown" time="0.0">
    <ignored/>
  </testcase> <!-- TC010_telecomTabHasNoCatDropdown -->
  <testcase classname="testRun.TransactionHistoryTEST" name="TC014_pagination_changePagesUsingPahinationButtons" time="0.0">
    <ignored/>
  </testcase> <!-- TC014_pagination_changePagesUsingPahinationButtons -->
  <testcase classname="testRun.TransactionHistoryTEST" name="TC002_selectDateAndClickSearchButton" time="0.0">
    <ignored/>
  </testcase> <!-- TC002_selectDateAndClickSearchButton -->
  <testcase classname="testRun.TransactionHistoryTEST" name="TC001_navigateToAllTxnHistoryPage" time="0.0">
    <ignored/>
  </testcase> <!-- TC001_navigateToAllTxnHistoryPage -->
  <testcase classname="testRun.TransactionHistoryTEST" name="TC011_pagination_validatePageDataAndMessageCountAtPageBottom" time="0.0">
    <ignored/>
  </testcase> <!-- TC011_pagination_validatePageDataAndMessageCountAtPageBottom -->
</testsuite> <!-- Default test(failed) -->
