<?xml version="1.0" encoding="UTF-8"?>
<testng-results ignored="0" total="1" passed="1" failed="0" skipped="0">
  <reporter-output>
  </reporter-output>
  <suite started-at="2024-09-14T02:10:34 AST" name="Default suite" finished-at="2024-09-14T02:10:38 AST" duration-ms="4221">
    <groups>
    </groups>
    <test started-at="2024-09-14T02:10:34 AST" name="Default test" finished-at="2024-09-14T02:10:38 AST" duration-ms="4221">
      <class name="API.PayOut">
        <test-method signature="verifyPayout()[pri:0, instance:API.PayOut@759d26fb]" started-at="2024-09-14T02:10:34 AST" name="verifyPayout" finished-at="2024-09-14T02:10:38 AST" duration-ms="4149" status="PASS">
          <reporter-output>
          </reporter-output>
        </test-method> <!-- verifyPayout -->
      </class> <!-- API.PayOut -->
    </test> <!-- Default test -->
  </suite> <!-- Default suite -->
</testng-results>
