<?xml version="1.0" encoding="UTF-8"?>
<!-- Generated by org.testng.reporters.JUnitXMLReporter -->
<testsuite ignored="1" hostname="Webplat78" failures="1" tests="1" name="Test" time="9.725" errors="0" timestamp="2024-09-04T16:34:58 IST">
  <testcase classname="testCases.TC001_TransactionHistoryTest" name="test" time="0.048">
    <failure type="java.lang.NullPointerException">
      <![CDATA[java.lang.NullPointerException
at java.base/java.util.Objects.requireNonNull(Objects.java:209)
at org.openqa.selenium.support.ui.FluentWait.<init>(FluentWait.java:115)
at org.openqa.selenium.support.ui.WebDriverWait.<init>(WebDriverWait.java:102)
at org.openqa.selenium.support.ui.WebDriverWait.<init>(WebDriverWait.java:45)
at common.commonFunc.checkPresenceOfElement(commonFunc.java:190)
at common.commonFunc.sendingKeys(commonFunc.java:156)
at pageObjects.Login.signin(Login.java:70)
at testCases.TC1_VerifyLogin.verifySignIn(TC1_VerifyLogin.java:39)
at testCases.TC001_TransactionHistoryTest.test(TC001_TransactionHistoryTest.java:28)
at java.base/java.util.ArrayList.forEach(ArrayList.java:1511)
... Removed 27 stack frames]]>
    </failure>
  </testcase> <!-- test -->
  <testcase classname="testCases.TC001_TransactionHistoryTest" name="signIn" time="0.0">
    <ignored/>
  </testcase> <!-- signIn -->
</testsuite> <!-- Test -->
